This is pdfTeX, Version 3.14159265-2.6-1.40.18 (MiKTeX 2.9.6500) (preloaded format=pdflatex 2018.1.19)  31 JUL 2018 12:14
entering extended mode
**./article_selection_process.tex
(article_selection_process.tex
LaTeX2e <2017-04-15>
Babel <3.16> and hyphenation patterns for 75 language(s) loaded.
("C:\Program Files (x86)\MiKTeX 2.9\tex\latex\base\article.cls"
Document Class: article 2014/09/29 v1.4h Standard LaTeX document class
("C:\Program Files (x86)\MiKTeX 2.9\tex\latex\base\size10.clo"
File: size10.clo 2014/09/29 v1.4h Standard LaTeX file (size option)
)
\c@part=\count79
\c@section=\count80
\c@subsection=\count81
\c@subsubsection=\count82
\c@paragraph=\count83
\c@subparagraph=\count84
\c@figure=\count85
\c@table=\count86
\abovecaptionskip=\skip41
\belowcaptionskip=\skip42
\bibindent=\dimen102
)
("C:\Program Files (x86)\MiKTeX 2.9\tex\latex\graphics\graphicx.sty"
Package: graphicx 2017/06/01 v1.1a Enhanced LaTeX Graphics (DPC,SPQR)

("C:\Program Files (x86)\MiKTeX 2.9\tex\latex\graphics\keyval.sty"
Package: keyval 2014/10/28 v1.15 key=value parser (DPC)
\KV@toks@=\toks14
)
("C:\Program Files (x86)\MiKTeX 2.9\tex\latex\graphics\graphics.sty"
Package: graphics 2017/06/25 v1.2c Standard LaTeX Graphics (DPC,SPQR)

("C:\Program Files (x86)\MiKTeX 2.9\tex\latex\graphics\trig.sty"
Package: trig 2016/01/03 v1.10 sin cos tan (DPC)
)
("C:\Program Files (x86)\MiKTeX 2.9\tex\latex\graphics-cfg\graphics.cfg"
File: graphics.cfg 2016/06/04 v1.11 sample graphics configuration
)
Package graphics Info: Driver file: pdftex.def on input line 99.

("C:\Program Files (x86)\MiKTeX 2.9\tex\latex\graphics-def\pdftex.def"
File: pdftex.def 2018/01/08 v1.0l Graphics/color driver for pdftex
))
\Gin@req@height=\dimen103
\Gin@req@width=\dimen104
)
("C:\Program Files (x86)\MiKTeX 2.9\tex\latex\graphics\color.sty"
Package: color 2016/07/10 v1.1e Standard LaTeX Color (DPC)

("C:\Program Files (x86)\MiKTeX 2.9\tex\latex\graphics-cfg\color.cfg"
File: color.cfg 2016/01/02 v1.6 sample color configuration
)
Package color Info: Driver file: pdftex.def on input line 147.
)
("C:\Program Files (x86)\MiKTeX 2.9\tex\latex\framed\framed.sty"
Package: framed 2011/10/22 v 0.96: framed or shaded text with page breaks
\OuterFrameSep=\skip43
\fb@frw=\dimen105
\fb@frh=\dimen106
\FrameRule=\dimen107
\FrameSep=\dimen108
)
("C:\Program Files (x86)\MiKTeX 2.9\tex\latex\base\alltt.sty"
Package: alltt 1997/06/16 v2.0g defines alltt environment
)
("C:\Program Files (x86)\MiKTeX 2.9\tex\latex\upquote\upquote.sty"
Package: upquote 2012/04/19 v1.3 upright-quote and grave-accent glyphs in verba
tim
)
(article_selection_process.aux)
\openout1 = `article_selection_process.aux'.

LaTeX Font Info:    Checking defaults for OML/cmm/m/it on input line 53.
LaTeX Font Info:    ... okay on input line 53.
LaTeX Font Info:    Checking defaults for T1/cmr/m/n on input line 53.
LaTeX Font Info:    ... okay on input line 53.
LaTeX Font Info:    Checking defaults for OT1/cmr/m/n on input line 53.
LaTeX Font Info:    ... okay on input line 53.
LaTeX Font Info:    Checking defaults for OMS/cmsy/m/n on input line 53.
LaTeX Font Info:    ... okay on input line 53.
LaTeX Font Info:    Checking defaults for OMX/cmex/m/n on input line 53.
LaTeX Font Info:    ... okay on input line 53.
LaTeX Font Info:    Checking defaults for U/cmr/m/n on input line 53.
LaTeX Font Info:    ... okay on input line 53.

("C:\Program Files (x86)\MiKTeX 2.9\tex\context\base\supp-pdf.mkii"
[Loading MPS to PDF converter (version 2006.09.02).]
\scratchcounter=\count87
\scratchdimen=\dimen109
\scratchbox=\box26
\nofMPsegments=\count88
\nofMParguments=\count89
\everyMPshowfont=\toks15
\MPscratchCnt=\count90
\MPscratchDim=\dimen110
\MPnumerator=\count91
\makeMPintoPDFobject=\count92
\everyMPtoPDFconversion=\toks16
) ("C:\Program Files (x86)\MiKTeX 2.9\tex\latex\oberdiek\epstopdf-base.sty"
Package: epstopdf-base 2016/05/15 v2.6 Base part for package epstopdf

("C:\Program Files (x86)\MiKTeX 2.9\tex\generic\oberdiek\infwarerr.sty"
Package: infwarerr 2016/05/16 v1.4 Providing info/warning/error messages (HO)
)
("C:\Program Files (x86)\MiKTeX 2.9\tex\latex\oberdiek\grfext.sty"
Package: grfext 2016/05/16 v1.2 Manage graphics extensions (HO)

("C:\Program Files (x86)\MiKTeX 2.9\tex\generic\oberdiek\kvdefinekeys.sty"
Package: kvdefinekeys 2016/05/16 v1.4 Define keys (HO)

("C:\Program Files (x86)\MiKTeX 2.9\tex\generic\oberdiek\ltxcmds.sty"
Package: ltxcmds 2016/05/16 v1.23 LaTeX kernel commands for general use (HO)
)))
("C:\Program Files (x86)\MiKTeX 2.9\tex\latex\oberdiek\kvoptions.sty"
Package: kvoptions 2016/05/16 v3.12 Key value format for package options (HO)

("C:\Program Files (x86)\MiKTeX 2.9\tex\generic\oberdiek\kvsetkeys.sty"
Package: kvsetkeys 2016/05/16 v1.17 Key value parser (HO)

("C:\Program Files (x86)\MiKTeX 2.9\tex\generic\oberdiek\etexcmds.sty"
Package: etexcmds 2016/05/16 v1.6 Avoid name clashes with e-TeX commands (HO)

("C:\Program Files (x86)\MiKTeX 2.9\tex\generic\oberdiek\ifluatex.sty"
Package: ifluatex 2016/05/16 v1.4 Provides the ifluatex switch (HO)
Package ifluatex Info: LuaTeX not detected.
)
Package etexcmds Info: Could not find \expanded.
(etexcmds)             That can mean that you are not using pdfTeX 1.50 or
(etexcmds)             that some package has redefined \expanded.
(etexcmds)             In the latter case, load this package earlier.
)))
("C:\Program Files (x86)\MiKTeX 2.9\tex\generic\oberdiek\pdftexcmds.sty"
Package: pdftexcmds 2017/03/19 v0.25 Utility functions of pdfTeX for LuaTeX (HO
)

("C:\Program Files (x86)\MiKTeX 2.9\tex\generic\oberdiek\ifpdf.sty"
Package: ifpdf 2017/03/15 v3.2 Provides the ifpdf switch
)
Package pdftexcmds Info: LuaTeX not detected.
Package pdftexcmds Info: \pdf@primitive is available.
Package pdftexcmds Info: \pdf@ifprimitive is available.
Package pdftexcmds Info: \pdfdraftmode found.
)
Package epstopdf-base Info: Redefining graphics rule for `.eps' on input line 4
38.
Package grfext Info: Graphics extension search list:
(grfext)             [.pdf,.png,.jpg,.mps,.jpeg,.jbig2,.jb2,.PDF,.PNG,.JPG,.JPE
G,.JBIG2,.JB2,.eps]
(grfext)             \AppendGraphicsExtensions on input line 456.
)
LaTeX Font Info:    External font `cmex10' loaded for size
(Font)              <7> on input line 63.
LaTeX Font Info:    External font `cmex10' loaded for size
(Font)              <5> on input line 63.
Package color Info: Redefining color shadecolor on input line 75.
LaTeX Font Info:    Font shape `OT1/cmtt/bx/n' in size <10> not available
(Font)              Font shape `OT1/cmtt/m/n' tried instead on input line 77.
LaTeX Font Info:    Try loading font information for OMS+cmr on input line 86.

("C:\Program Files (x86)\MiKTeX 2.9\tex\latex\base\omscmr.fd"
File: omscmr.fd 2014/09/29 v2.5h Standard LaTeX font definitions
)
LaTeX Font Info:    Font shape `OMS/cmr/m/n' in size <10> not available
(Font)              Font shape `OMS/cmsy/m/n' tried instead on input line 86.
Package color Info: Redefining color shadecolor on input line 101.
 [1

{C:/Users/gidon/AppData/Local/MiKTeX/2.9/pdftex/config/pdftex.map}]
Overfull \hbox (185.24538pt too wide) in paragraph at lines 103--103
[][]\OT1/cmtt/m/n/10 classified_corpus[][]<-[][]quanteda[][]::[][]corpus[][](cl
assdocs[,[][]c[][]([][]"fakeid"[][],[] []"ocr"[][],[] []"EV_article"[][])],[] [
]text_field[] []=[] []"ocr"[][])[][] 
 []


Overfull \hbox (185.24538pt too wide) in paragraph at lines 104--104
[][]\OT1/cmtt/m/n/10 classified_dfm[] []<-[] []preprocess_corpus[][](classified
_corpus,[] []stem[][]=[][]FALSE[][],[] []min_termfreq[][]=[][]20[][],[] []min_d
ocfreq[] []=[] []10[][])[][] 
 []

Package color Info: Redefining color shadecolor on input line 163.

Overfull \hbox (274.4946pt too wide) in paragraph at lines 165--165
[][]\OT1/cmtt/m/n/10 description_corpus[][]<-[][]quanteda[][]::[][]corpus[][](c
lassdocs[,[][]c[][]([][]"fakeid"[][],[] []"description"[][],[] []"EV_article"[]
[])],[] []text_field[] []=[] []"description"[][])[][] 
 []


Overfull \hbox (185.24538pt too wide) in paragraph at lines 166--166
[][]\OT1/cmtt/m/n/10 description_dfm[] []<-[] []preprocess_corpus[][](descripti
on_corpus,[] []stem[][]=[][]FALSE[][],[] []min_termfreq[][]=[][]5[][],[] []min_
docfreq[] []=[] []2[][])[][] 
 []


Overfull \hbox (242.99487pt too wide) in paragraph at lines 170--170
[][]\OT1/cmtt/m/n/10 nb[][]<-[][]quanteda[][]::[][]textmodel_nb[][](both_dfms[]
[]$[][]train,[] []y[][]=quanteda[][]::[][]docvars[][](both_dfms[][]$[][]train,[
] []"EV_article"[][]),[] []prior[][]=[][]"uniform"[][])[][] 
 []


Overfull \hbox (1.49698pt too wide) in paragraph at lines 171--171
[][]\OT1/cmtt/m/n/10 prob_nb[][]<-[][]predict[][](nb,[] []newdata[] []= both_df
ms[][]$[][]test,[] []type[][]=[][]"probability"[][])[][] 
 []


Overfull \hbox (32.9967pt too wide) in paragraph at lines 172--172
[][]\OT1/cmtt/m/n/10 pred_nb[][]<-[][]data.frame[][]([][]predict[][](nb,[] []ne
wdata[] []= both_dfms[][]$[][]test,[] []type[][]=[][]"class"[][]))[][] 
 []

[2]
Overfull \hbox (274.4946pt too wide) in paragraph at lines 193--193
[][]\OT1/cmtt/m/n/10 description_corpus[][]<-[][]quanteda[][]::[][]corpus[][](c
lassdocs[,[][]c[][]([][]"fakeid"[][],[] []"description"[][],[] []"EV_article"[]
[])],[] []text_field[] []=[] []"description"[][])[][] 
 []


Overfull \hbox (185.24538pt too wide) in paragraph at lines 194--194
[][]\OT1/cmtt/m/n/10 description_dfm[] []<-[] []preprocess_corpus[][](descripti
on_corpus,[] []stem[][]=[][]FALSE[][],[] []min_termfreq[][]=[][]5[][],[] []min_
docfreq[] []=[] []2[][])[][] 
 []

Package color Info: Redefining color shadecolor on input line 205.

Overfull \hbox (64.49643pt too wide) in paragraph at lines 211--211
[]\OT1/cmtt/m/n/10 ## Document-feature matrix of: 1,000 documents, 1,647 featur
es (99.2% sparse).[] 
 []


Overfull \hbox (53.99652pt too wide) in paragraph at lines 217--217
[]\OT1/cmtt/m/n/10 ## Document-feature matrix of: 894 documents, 1,647 features
 (99.2% sparse).[] 
 []

Package color Info: Redefining color shadecolor on input line 226.

Overfull \hbox (426.74327pt too wide) in paragraph at lines 228--228
[][]\OT1/cmtt/m/n/10 description_corpus[][]<-[][]quanteda[][]::[][]corpus[][](c
lassdocs[classdocs[][]$[][]election_article[][]==[][]1[][],[][]c[][]([][]"fakei
d"[][],[] []"description"[][],[] []"EV_article"[][])],[] []text_field[] []=[] [
]"description"[][])[][] 
 []


Overfull \hbox (185.24538pt too wide) in paragraph at lines 229--229
[][]\OT1/cmtt/m/n/10 description_dfm[] []<-[] []preprocess_corpus[][](descripti
on_corpus,[] []stem[][]=[][]FALSE[][],[] []min_termfreq[][]=[][]5[][],[] []min_
docfreq[] []=[] []2[][])[][] 
 []


Overfull \hbox (242.99487pt too wide) in paragraph at lines 233--233
[][]\OT1/cmtt/m/n/10 nb[][]<-[][]quanteda[][]::[][]textmodel_nb[][](both_dfms[]
[]$[][]train,[] []y[][]=quanteda[][]::[][]docvars[][](both_dfms[][]$[][]train,[
] []"EV_article"[][]),[] []prior[][]=[][]"uniform"[][])[][] 
 []


Overfull \hbox (1.49698pt too wide) in paragraph at lines 234--234
[][]\OT1/cmtt/m/n/10 prob_nb[][]<-[][]predict[][](nb,[] []newdata[] []= both_df
ms[][]$[][]test,[] []type[][]=[][]"probability"[][])[][] 
 []


Overfull \hbox (32.9967pt too wide) in paragraph at lines 235--235
[][]\OT1/cmtt/m/n/10 pred_nb[][]<-[][]data.frame[][]([][]predict[][](nb,[] []ne
wdata[] []= both_dfms[][]$[][]test,[] []type[][]=[][]"class"[][]))[][] 
 []

[3]
Overfull \hbox (274.4946pt too wide) in paragraph at lines 256--256
[][]\OT1/cmtt/m/n/10 description_corpus[][]<-[][]quanteda[][]::[][]corpus[][](c
lassdocs[,[][]c[][]([][]"fakeid"[][],[] []"description"[][],[] []"EV_article"[]
[])],[] []text_field[] []=[] []"description"[][])[][] 
 []


Overfull \hbox (185.24538pt too wide) in paragraph at lines 257--257
[][]\OT1/cmtt/m/n/10 description_dfm[] []<-[] []preprocess_corpus[][](descripti
on_corpus,[] []stem[][]=[][]FALSE[][],[] []min_termfreq[][]=[][]5[][],[] []min_
docfreq[] []=[] []2[][])[][] 
 []

Package color Info: Redefining color shadecolor on input line 267.

Overfull \hbox (148.4957pt too wide) in paragraph at lines 269--269
[][]\OT1/cmtt/m/n/10 ocr_corpus[][]<-[][]quanteda[][]::[][]corpus[][](classdocs
[,[][]c[][]([][]"fakeid"[][],[] []"ocr"[][],[] []"EV_article"[][])],[] []text_f
ield[] []=[] []"ocr"[][])[][] 
 []


Overfull \hbox (101.24611pt too wide) in paragraph at lines 270--270
[][]\OT1/cmtt/m/n/10 ocr_dfm[] []<-[] []preprocess_corpus[][](ocr_corpus,[] []s
tem[][]=[][]FALSE[][],[] []min_termfreq[][]=[][]5[][],[] []min_docfreq[] []=[] 
[]2[][])[][] 
 []


Overfull \hbox (242.99487pt too wide) in paragraph at lines 273--273
[][]\OT1/cmtt/m/n/10 nb[][]<-[][]quanteda[][]::[][]textmodel_nb[][](both_dfms[]
[]$[][]train,[] []y[][]=quanteda[][]::[][]docvars[][](both_dfms[][]$[][]train,[
] []"EV_article"[][]),[] []prior[][]=[][]"uniform"[][])[][] 
 []


Overfull \hbox (1.49698pt too wide) in paragraph at lines 274--274
[][]\OT1/cmtt/m/n/10 prob_nb[][]<-[][]predict[][](nb,[] []newdata[] []= both_df
ms[][]$[][]test,[] []type[][]=[][]"probability"[][])[][] 
 []


Overfull \hbox (32.9967pt too wide) in paragraph at lines 275--275
[][]\OT1/cmtt/m/n/10 pred_nb[][]<-[][]data.frame[][]([][]predict[][](nb,[] []ne
wdata[] []= both_dfms[][]$[][]test,[] []type[][]=[][]"class"[][]))[][] 
 []

LaTeX Font Info:    External font `cmex10' loaded for size
(Font)              <12> on input line 301.
LaTeX Font Info:    External font `cmex10' loaded for size
(Font)              <8> on input line 301.
LaTeX Font Info:    External font `cmex10' loaded for size
(Font)              <6> on input line 301.
Package color Info: Redefining color shadecolor on input line 311.
[4]
Overfull \hbox (137.99579pt too wide) in paragraph at lines 328--328
[][]\OT1/cmtt/m/n/10 R_S_corpus[][]<-[][]quanteda[][]::[][]corpus[][](R_S[,[][]
c[][]([][]"fakeid"[][],[] []"ocr"[][],[] []"in_sample"[][],[] []"R"[][])],[] []
text_field[] []=[] []"ocr"[][])[][] 
 []


Overfull \hbox (111.74602pt too wide) in paragraph at lines 329--329
[][]\OT1/cmtt/m/n/10 R_S_dfm[] []<-[] []preprocess_corpus[][](R_S_corpus,[] []s
tem[][]=[][]FALSE[][],[] []min_termfreq[][]=[][]20[][],[] []min_docfreq[] []=[]
 []20[][])[][] 
 []


Overfull \hbox (122.24593pt too wide) in paragraph at lines 331--331
[][]\OT1/cmtt/m/n/10 king_train_dfm[][]<-[][]quanteda[][]::[][]dfm_subset[][](R
_S_dfm, quanteda[][]::[][]docvars[][](R_S_dfm,[] []"in_sample"[][])[][]==[][]1[
][])[][] 
 []


Overfull \hbox (221.99506pt too wide) in paragraph at lines 332--332
[][]\OT1/cmtt/m/n/10 king_nb[] []<-[] []quanteda[][]::[][]textmodel_nb[][](king
_train_dfm,[] []y[][]=quanteda[][]::[][]docvars[][](king_train_dfm,[] []"R"[][]
),[] []prior[][]=[][]"uniform"[][])[][] 
 []

[5]
Package color Info: Redefining color shadecolor on input line 389.

Overfull \hbox (43.49661pt too wide) in paragraph at lines 391--391
[][]\OT1/cmtt/m/n/10 S_dfm[] []<-[] []quanteda[][]::[][]dfm_subset[][](R_S_dfm,
 quanteda[][]::[][]docvars[][](R_S_dfm,[] []"R"[][])[][]==[][]0[][])[][] 
 []


Overfull \hbox (64.49643pt too wide) in paragraph at lines 392--392
[][]\OT1/cmtt/m/n/10 quanteda[][]::[][]docvars[][](S_dfm,[] []"T"[][])[][]<-[][
]predict[][](king_nb,[] []newdata[] []= S_dfm,[] []type[][]=[][]"class"[][])[][
] 
 []

Package color Info: Redefining color shadecolor on input line 407.

Overfull \hbox (232.49496pt too wide) in paragraph at lines 410--410
[][]\OT1/cmtt/m/n/10 king_stage2[] []<-[] []quanteda[][]::[][]textmodel_nb[][](
S_dfm,[] []y[][]=quanteda[][]::[][]docvars[][](S_dfm_binary,[] []"T"[][]),[] []
distribution[][]=[][]"Bernoulli"[][])[][] 
 []

[6] [7] [8] (article_selection_process.aux) ) 
Here is how much of TeX's memory you used:
 1602 strings out of 493307
 23561 string characters out of 3136230
 98193 words of memory out of 3000000
 5146 multiletter control sequences out of 15000+200000
 8278 words of font info for 30 fonts, out of 3000000 for 9000
 1141 hyphenation exceptions out of 8191
 41i,6n,25p,382b,248s stack positions out of 5000i,500n,10000p,200000b,50000s
<C:/Program Files (x86)/MiKTeX 2.9
/fonts/type1/public/amsfonts/cm/cmbx10.pfb><C:/Program Files (x86)/MiKTeX 2.9/f
onts/type1/public/amsfonts/cm/cmbx12.pfb><C:/Program Files (x86)/MiKTeX 2.9/fon
ts/type1/public/amsfonts/cm/cmitt10.pfb><C:/Program Files (x86)/MiKTeX 2.9/font
s/type1/public/amsfonts/cm/cmmi10.pfb><C:/Program Files (x86)/MiKTeX 2.9/fonts/
type1/public/amsfonts/cm/cmmi12.pfb><C:/Program Files (x86)/MiKTeX 2.9/fonts/ty
pe1/public/amsfonts/cm/cmmi7.pfb><C:/Program Files (x86)/MiKTeX 2.9/fonts/type1
/public/amsfonts/cm/cmr10.pfb><C:/Program Files (x86)/MiKTeX 2.9/fonts/type1/pu
blic/amsfonts/cm/cmsy10.pfb><C:/Program Files (x86)/MiKTeX 2.9/fonts/type1/publ
ic/amsfonts/cm/cmti10.pfb><C:/Program Files (x86)/MiKTeX 2.9/fonts/type1/public
/amsfonts/cm/cmtt10.pfb>
Output written on article_selection_process.pdf (8 pages, 146135 bytes).
PDF statistics:
 69 PDF objects out of 1000 (max. 8388607)
 0 named destinations out of 1000 (max. 500000)
 1 words of extra memory for PDF output out of 10000 (max. 10000000)

